13:54:28.192 [main] DEBUG io.restassured.internal.RequestSpecificationImpl$RestAssuredHttpBuilder - Parsing response as: application/json;charset=utf-8
13:54:28.201 [main] DEBUG org.apache.http.wire -  << "[0x1f][0x8b][0x8][0x0][0x0][0x0][0x0][0x0][0x0][0xff][0x9c][0x95][0xcd]n[0xdb]:[0x14][0x84]_[0x85][0xe0]:[0xb][0x89][0xd4][0x8f][0xed][0xdd][0xb5][0x83]8[0xb8]i[0x8a]6[0x9][0x1a][0x14]E[0x11][0x1c]X[0xa7]1Q[0x9a]4[0x8e][0xa8]4j[0x90]w/[0x8c]v[0x91][0xc5][0x88]B[0xbb][0xb5]`}[0x18]r[0xe6][0xd3][0x8b][0xee][0x13][0xa5][0xa1][0xd7]+[0xdd][0xf][0xbb][0x1d][0xf7][0xbd]>[0xd3][0x1d]%[0xd2][0xab]//[0xda]uz[0xa5]K}[0xa6][0xf9]p[0xf4]qd~[0x8]t`[0xbd][0xd2]w[0xee][0x91]E[0xbd]w[0xcf]1[0xbc]}[0xda][0x93]'[0x19][0xf5]J[S,[0x8a][0xe2][0xed]#z<[0xfd][0xaf]9[0xbd][0xec]([0xf1][0x9b][0xf3][0xfc][0xe0][0xe][0xbf][0xd4][0xaf]gP[0x6][0xa0][0xb6]$[0xc2])[0xa9]{[0x17][0x12]K[0xf]qe[[0xb4]5[0xc2][0xd9],[0xce][0x2][0xdc][0xfd]>[0xc5][0xa0]6[0xf1][0x19][0x92][0x16]M[0x1]s5YP[0x5]@[0x1b][0xee][0xc4][0xed][0xd4][0x15]{?BTem[0xd1][0x0][0x96]1YV[0x8d]B9q[0xea][0x96]R[0x1c][0xf0][0xf1]5[0xa6]E[0xa9]l[0xfe][0xf8][0x1a]@Z[0x8b]c[0xef]Y[0xdd];[0xef][0x1d][0x1d][0xfa][0xa9]~[0xb4][0x6][0x9f]c[0xbe][0x1f]- ^[0xb2]H[0xec][0xd4]fO[0xa1][0xf3],8[0xa0]mk[0x84][0xab][0x97]Y[0xdc][0x2][0xe0]n[0xf6]1[0x90]:[0xa7]'[0xd7]M[0x86]3[0xed][0x12][0xd2][0xea],m[0x89]J[0x12][0xbd]g[0xe][0xea]r[0x90]>A[0x98])j[0x18][0xcd][0xe6][0xa3][0x95][0x5][0xa0][0xdd][0xc6]0[0x92][0xba][0x90]8[0xc1]*[0xb][0xdb] [0x96][0xc9][0xf7][0xa4]D[0x6][0xf9][0x9f][0x3][0xa9]-[0xb9][0xc0]x[0xd2][0xcb][0xa2]F[0xe5][0xb7]E[0x1e][0x85][0xc][0xf2]qp![0xa8][0xb]?[0x86][0x89][0xfb][0xaa]p[0x19]g[0x86]V"}l[0xf6]$[0x1d][0xab]k[0x92]~O[0xde][0xe3]a[0xb7][0x5]<F[0x9b][0x97]H[0x89],rI[0x9e]Gu[0xc5]!p[0x87]5bK[0xb][0xb]R[0xcd]\[0x1a][0xf2][0xc8][0x1d][0xa5][0x91][0x2][0xa9][0xb][0x97]~[0x1e])[0x89][0xdb]}[0xc7][0xcc]E[\r]}\[0xce][0x94][0x12][0x19][0xe5][0xda][0xed][0xf6][0xc4]^[0xdd]:[0xff]D[0xb8][0x96][0xcb][0x5]L8#[0xe5][0x12][0xd9][0xe4][0x3][\r]^[0xad]G[0xe9] [0xa9]55[0xd6]V[0x95]'![0x91]l}[0x14]G[0xea][0x9d]K[0xc9]3[0x9e][0xf6][0xbf]Y[0xab]D"Y[0xb]u[0xa7][0xa6]l[0x85]'[0x1d][0x89]WP[0xcd]|[0xb2][0x91]H[0xce][0xc9][0xa9][0x1b][0x17][0xf1][0xb2]M[0x89]c[0xd9][0xbc][0x1e][0xcd][0x84]E8%V[0x1b][0xf2][0xdd][0xf][0x9e][0xd8][0x9b][0xad][0xf0][0xad][0xcd][0xb8][0xc4] [0x97]|[0x1e][0xc4][0xa9]5[0x8b][0xe0][0xb1]5-FU3([0xa8][0x12][0xe2][0x9e]D}[0xa2][0xb0][0xc3][0xfd]([0x8b][0xa6]B+337[0x86]<r[0x1e][0xc5][0xf5][0xa7][0xaf]v7Q[0x8f]E[0xfd]7[0xea][0xff][0xfa][0xfa]+[0x0][0x0][0xff][0xff]8n[0xc9]gY[\n]"
13:54:28.202 [main] DEBUG org.apache.http.wire -  << "[0x0][0x0]"
13:54:28.202 [main] DEBUG io.restassured.internal.RequestSpecificationImpl$RestAssuredHttpBuilder - Parsed data to instance of: class org.apache.http.conn.EofSensorInputStream
13:54:28.289 [main] DEBUG org.apache.http.impl.conn.BasicClientConnectionManager - Releasing connection org.apache.http.impl.conn.ManagedClientConnectionImpl@26f143ed
13:54:28.289 [main] DEBUG org.apache.http.impl.conn.BasicClientConnectionManager - Connection can be kept alive indefinitely
14:01:52.718 [main] DEBUG org.apache.http.impl.conn.BasicClientConnectionManager - Get connection for route {}->http://dummy.restapiexample.com:80
14:01:52.793 [main] DEBUG org.apache.http.impl.conn.DefaultClientConnectionOperator - Connecting to dummy.restapiexample.com:80
14:01:53.400 [main] DEBUG org.apache.http.client.protocol.RequestAddCookies - CookieSpec selected: ignoreCookies
14:01:53.403 [main] DEBUG org.apache.http.client.protocol.RequestAuthCache - Auth cache not set in the context
14:01:53.403 [main] DEBUG org.apache.http.client.protocol.RequestTargetAuthentication - Target auth state: UNCHALLENGED
14:01:53.404 [main] DEBUG org.apache.http.client.protocol.RequestProxyAuthentication - Proxy auth state: UNCHALLENGED
14:01:53.405 [main] DEBUG org.apache.http.impl.client.DefaultHttpClient - Attempt 1 to execute request
14:01:53.405 [main] DEBUG org.apache.http.impl.conn.DefaultClientConnection - Sending request: GET /api/v1/employees HTTP/1.1
14:01:53.406 [main] DEBUG org.apache.http.wire -  >> "GET /api/v1/employees HTTP/1.1[\r][\n]"
14:01:53.409 [main] DEBUG org.apache.http.wire -  >> "Accept: */*[\r][\n]"
14:01:53.409 [main] DEBUG org.apache.http.wire -  >> "Host: dummy.restapiexample.com[\r][\n]"
14:01:53.409 [main] DEBUG org.apache.http.wire -  >> "Connection: Keep-Alive[\r][\n]"
14:01:53.409 [main] DEBUG org.apache.http.wire -  >> "User-Agent: Apache-HttpClient/4.5.2 (Java/1.8.0_251)[\r][\n]"
14:01:53.410 [main] DEBUG org.apache.http.wire -  >> "Accept-Encoding: gzip,deflate[\r][\n]"
14:01:53.410 [main] DEBUG org.apache.http.wire -  >> "[\r][\n]"
14:01:53.410 [main] DEBUG org.apache.http.headers - >> GET /api/v1/employees HTTP/1.1
14:01:53.410 [main] DEBUG org.apache.http.headers - >> Accept: */*
14:01:53.410 [main] DEBUG org.apache.http.headers - >> Host: dummy.restapiexample.com
14:01:53.411 [main] DEBUG org.apache.http.headers - >> Connection: Keep-Alive
