21:58:25.059 [main] INFO  StepDefinitions.MobileStepDefinition - OK to close
21:58:25.866 [main] INFO  StepDefinitions.MobileStepDefinition - Mobile App closed
21:59:31.716 [main] INFO  StepDefinitions.MobileStepDefinition - Android Driver is initialized
21:59:33.459 [main] INFO  StepDefinitions.MobileStepDefinition - Animation is clicked
21:59:36.050 [main] INFO  StepDefinitions.MobileStepDefinition - Bouncing Balls is clicked
21:59:38.681 [main] INFO  StepDefinitions.MobileStepDefinition - Mobile App closed
22:01:55.478 [main] INFO  StepDefinitions.MobileStepDefinition - Android Driver is initialized
22:01:57.303 [main] INFO  StepDefinitions.MobileStepDefinition - Animation is clicked
22:01:59.213 [main] INFO  StepDefinitions.MobileStepDefinition - Bouncing Balls is clicked
22:02:01.963 [main] INFO  StepDefinitions.MobileStepDefinition - Mobile App closed
22:02:58.053 [main] INFO  StepDefinitions.MobileStepDefinition - Android Driver is initialized
22:03:00.282 [main] INFO  StepDefinitions.MobileStepDefinition - Animation is clicked
22:03:02.551 [main] INFO  StepDefinitions.MobileStepDefinition - Bouncing Balls is clicked
22:03:05.067 [main] INFO  StepDefinitions.MobileStepDefinition - Mobile App closed
22:06:09.537 [main] INFO  StepDefinitions.WebStepDefinition - Driver is initialized
22:06:11.686 [main] INFO  StepDefinitions.WebStepDefinition - Navigated to Home Page
22:06:11.705 [main] INFO  StepDefinitions.WebStepDefinition - Home Page title verified
22:06:12.839 [main] INFO  StepDefinitions.WebStepDefinition - Browser closed
22:06:18.337 [main] INFO  StepDefinitions.WebStepDefinition - Driver is initialized
22:06:20.229 [main] INFO  StepDefinitions.WebStepDefinition - Navigated to Home Page
22:06:21.345 [main] INFO  StepDefinitions.WebStepDefinition - Browser closed
22:10:55.552 [main] INFO  StepDefinitions.WebStepDefinition - Driver is initialized
22:10:57.255 [main] INFO  StepDefinitions.WebStepDefinition - Navigated to Home Page
22:10:57.276 [main] INFO  StepDefinitions.WebStepDefinition - Home Page title verified
22:10:58.371 [main] INFO  StepDefinitions.WebStepDefinition - Browser closed
22:11:04.216 [main] INFO  StepDefinitions.WebStepDefinition - Driver is initialized
22:11:05.773 [main] INFO  StepDefinitions.WebStepDefinition - Navigated to Home Page
22:11:07.184 [main] INFO  StepDefinitions.WebStepDefinition - Browser closed
22:13:16.488 [main] INFO  StepDefinitions.WebStepDefinition - Driver is initialized
22:13:18.338 [main] INFO  StepDefinitions.WebStepDefinition - Navigated to Home Page
22:13:18.360 [main] INFO  StepDefinitions.WebStepDefinition - Home Page title verified
22:13:19.434 [main] INFO  StepDefinitions.WebStepDefinition - Browser closed
22:13:25.164 [main] INFO  StepDefinitions.WebStepDefinition - Driver is initialized
22:13:26.668 [main] INFO  StepDefinitions.WebStepDefinition - Navigated to Home Page
22:13:27.960 [main] INFO  StepDefinitions.WebStepDefinition - Browser closed
13:52:31.111 [main] DEBUG org.apache.http.impl.conn.BasicClientConnectionManager - Get connection for route {s}->https://restapi.demoqa.com:443
13:52:31.205 [main] DEBUG org.apache.http.impl.conn.DefaultClientConnection - Connection org.apache.http.impl.conn.DefaultClientConnection@48f5bde6 closed
13:52:31.205 [main] DEBUG org.apache.http.impl.conn.DefaultClientConnection - Connection org.apache.http.impl.conn.DefaultClientConnection@48f5bde6 shut down
13:52:31.206 [main] DEBUG org.apache.http.impl.conn.BasicClientConnectionManager - Releasing connection org.apache.http.impl.conn.ManagedClientConnectionImpl@525d79f0
13:54:26.894 [main] DEBUG org.apache.http.impl.conn.BasicClientConnectionManager - Get connection for route {}->http://dummy.restapiexample.com:80
13:54:26.952 [main] DEBUG org.apache.http.impl.conn.DefaultClientConnectionOperator - Connecting to dummy.restapiexample.com:80
13:54:27.447 [main] DEBUG org.apache.http.client.protocol.RequestAddCookies - CookieSpec selected: ignoreCookies
13:54:27.452 [main] DEBUG org.apache.http.client.protocol.RequestAuthCache - Auth cache not set in the context
13:54:27.453 [main] DEBUG org.apache.http.client.protocol.RequestTargetAuthentication - Target auth state: UNCHALLENGED
13:54:27.455 [main] DEBUG org.apache.http.client.protocol.RequestProxyAuthentication - Proxy auth state: UNCHALLENGED
13:54:27.455 [main] DEBUG org.apache.http.impl.client.DefaultHttpClient - Attempt 1 to execute request
13:54:27.456 [main] DEBUG org.apache.http.impl.conn.DefaultClientConnection - Sending request: GET /api/v1/employees HTTP/1.1
13:54:27.457 [main] DEBUG org.apache.http.wire -  >> "GET /api/v1/employees HTTP/1.1[\r][\n]"
13:54:27.460 [main] DEBUG org.apache.http.wire -  >> "Accept: */*[\r][\n]"
13:54:27.460 [main] DEBUG org.apache.http.wire -  >> "Host: dummy.restapiexample.com[\r][\n]"
13:54:27.460 [main] DEBUG org.apache.http.wire -  >> "Connection: Keep-Alive[\r][\n]"
13:54:27.461 [main] DEBUG org.apache.http.wire -  >> "User-Agent: Apache-HttpClient/4.5.2 (Java/1.8.0_251)[\r][\n]"
