21:51:45.573 [main] INFO  StepDefinitions.MobileStepDefinition - Alert Dialogs is clicked
21:51:45.927 [main] INFO  StepDefinitions.MobileStepDefinition - Single choice list clicked
21:51:47.762 [main] INFO  StepDefinitions.MobileStepDefinition - Traffic is selected
21:51:50.414 [main] INFO  StepDefinitions.MobileStepDefinition - OK to close
21:51:51.029 [main] INFO  StepDefinitions.MobileStepDefinition - Mobile App closed
21:52:03.247 [main] INFO  StepDefinitions.MobileStepDefinition - Android Driver is initialized
21:52:05.174 [main] INFO  StepDefinitions.MobileStepDefinition - App is clicked
21:52:06.703 [main] INFO  StepDefinitions.MobileStepDefinition - Alert Dialogs is clicked
21:52:07.097 [main] INFO  StepDefinitions.MobileStepDefinition - Ultra long message clicked
21:52:15.034 [main] INFO  StepDefinitions.MobileStepDefinition - OK to close
21:52:15.856 [main] INFO  StepDefinitions.MobileStepDefinition - Mobile App closed
21:52:28.069 [main] INFO  StepDefinitions.MobileStepDefinition - Android Driver is initialized
21:52:29.718 [main] INFO  StepDefinitions.MobileStepDefinition - App is clicked
21:52:32.079 [main] INFO  StepDefinitions.MobileStepDefinition - Alert Dialogs is clicked
21:52:32.387 [main] INFO  StepDefinitions.MobileStepDefinition - Text Entry dialog clicked
21:52:33.435 [main] INFO  StepDefinitions.MobileStepDefinition - Name entered
21:52:34.039 [main] INFO  StepDefinitions.MobileStepDefinition - Password entered
21:52:36.902 [main] INFO  StepDefinitions.MobileStepDefinition - OK to close
21:52:38.139 [main] INFO  StepDefinitions.MobileStepDefinition - Mobile App closed
21:52:51.325 [main] INFO  StepDefinitions.MobileStepDefinition - Android Driver is initialized
21:52:53.394 [main] INFO  StepDefinitions.MobileStepDefinition - App is clicked
21:52:54.983 [main] INFO  StepDefinitions.MobileStepDefinition - Alert Dialogs is clicked
21:52:55.261 [main] INFO  StepDefinitions.MobileStepDefinition - Text Entry dialog clicked
21:52:56.117 [main] INFO  StepDefinitions.MobileStepDefinition - Name entered
21:52:56.846 [main] INFO  StepDefinitions.MobileStepDefinition - Password entered
21:52:59.477 [main] INFO  StepDefinitions.MobileStepDefinition - OK to close
21:53:00.250 [main] INFO  StepDefinitions.MobileStepDefinition - Mobile App closed
21:56:51.238 [main] INFO  StepDefinitions.MobileStepDefinition - Android Driver is initialized
21:56:52.612 [main] INFO  StepDefinitions.MobileStepDefinition - Animation is clicked
21:56:54.432 [main] INFO  StepDefinitions.MobileStepDefinition - Bouncing Balls is clicked
21:56:57.427 [main] INFO  StepDefinitions.MobileStepDefinition - Mobile App closed
21:57:09.362 [main] INFO  StepDefinitions.MobileStepDefinition - Android Driver is initialized
21:57:11.443 [main] INFO  StepDefinitions.MobileStepDefinition - App is clicked
21:57:13.282 [main] INFO  StepDefinitions.MobileStepDefinition - Alert Dialogs is clicked
21:57:13.546 [main] INFO  StepDefinitions.MobileStepDefinition - Single choice list clicked
21:57:15.531 [main] INFO  StepDefinitions.MobileStepDefinition - Traffic is selected
21:57:18.217 [main] INFO  StepDefinitions.MobileStepDefinition - OK to close
21:57:19.021 [main] INFO  StepDefinitions.MobileStepDefinition - Mobile App closed
21:57:31.204 [main] INFO  StepDefinitions.MobileStepDefinition - Android Driver is initialized
21:57:33.202 [main] INFO  StepDefinitions.MobileStepDefinition - App is clicked
21:57:35.021 [main] INFO  StepDefinitions.MobileStepDefinition - Alert Dialogs is clicked
21:57:35.425 [main] INFO  StepDefinitions.MobileStepDefinition - Ultra long message clicked
21:57:42.920 [main] INFO  StepDefinitions.MobileStepDefinition - OK to close
21:57:43.932 [main] INFO  StepDefinitions.MobileStepDefinition - Mobile App closed
21:57:56.585 [main] INFO  StepDefinitions.MobileStepDefinition - Android Driver is initialized
21:57:58.432 [main] INFO  StepDefinitions.MobileStepDefinition - App is clicked
21:57:59.903 [main] INFO  StepDefinitions.MobileStepDefinition - Alert Dialogs is clicked
21:58:00.177 [main] INFO  StepDefinitions.MobileStepDefinition - Text Entry dialog clicked
21:58:01.368 [main] INFO  StepDefinitions.MobileStepDefinition - Name entered
21:58:02.334 [main] INFO  StepDefinitions.MobileStepDefinition - Password entered
21:58:05.148 [main] INFO  StepDefinitions.MobileStepDefinition - OK to close
21:58:05.947 [main] INFO  StepDefinitions.MobileStepDefinition - Mobile App closed
21:58:16.798 [main] INFO  StepDefinitions.MobileStepDefinition - Android Driver is initialized
21:58:18.236 [main] INFO  StepDefinitions.MobileStepDefinition - App is clicked
21:58:20.292 [main] INFO  StepDefinitions.MobileStepDefinition - Alert Dialogs is clicked
21:58:20.563 [main] INFO  StepDefinitions.MobileStepDefinition - Text Entry dialog clicked
21:58:21.646 [main] INFO  StepDefinitions.MobileStepDefinition - Name entered
21:58:22.366 [main] INFO  StepDefinitions.MobileStepDefinition - Password entered
