18:11:34.090 [main] INFO  StepDefinitions.MobileStepDefinition - Mobile App closed
18:11:45.232 [main] INFO  StepDefinitions.MobileStepDefinition - Android Driver is initialized
18:11:46.901 [main] INFO  StepDefinitions.MobileStepDefinition - App is clicked
18:11:48.086 [main] INFO  StepDefinitions.MobileStepDefinition - Alert Dialogs is clicked
18:11:49.167 [main] INFO  StepDefinitions.MobileStepDefinition - Ultra long message clicked
18:11:57.345 [main] INFO  StepDefinitions.MobileStepDefinition - OK to close
18:11:57.816 [main] INFO  StepDefinitions.MobileStepDefinition - Mobile App closed
18:12:08.100 [main] INFO  StepDefinitions.MobileStepDefinition - Android Driver is initialized
18:12:09.777 [main] INFO  StepDefinitions.MobileStepDefinition - App is clicked
18:12:10.873 [main] INFO  StepDefinitions.MobileStepDefinition - Alert Dialogs is clicked
18:12:11.217 [main] INFO  StepDefinitions.MobileStepDefinition - Text Entry dialog clicked
18:12:12.736 [main] INFO  StepDefinitions.MobileStepDefinition - Name entered
18:12:13.479 [main] INFO  StepDefinitions.MobileStepDefinition - Password entered
18:12:16.319 [main] INFO  StepDefinitions.MobileStepDefinition - OK to close
18:12:16.781 [main] INFO  StepDefinitions.MobileStepDefinition - Mobile App closed
18:12:23.109 [main] INFO  StepDefinitions.MobileStepDefinition - Android Driver is initialized
18:12:24.864 [main] INFO  StepDefinitions.MobileStepDefinition - App is clicked
18:12:26.078 [main] INFO  StepDefinitions.MobileStepDefinition - Alert Dialogs is clicked
18:12:27.212 [main] INFO  StepDefinitions.MobileStepDefinition - Text Entry dialog clicked
18:12:28.795 [main] INFO  StepDefinitions.MobileStepDefinition - Name entered
18:12:29.488 [main] INFO  StepDefinitions.MobileStepDefinition - Password entered
18:12:32.076 [main] INFO  StepDefinitions.MobileStepDefinition - OK to close
18:12:32.578 [main] INFO  StepDefinitions.MobileStepDefinition - Mobile App closed
18:23:15.555 [main] INFO  StepDefinitions.WebStepDefinition - Driver is initialized
18:23:17.488 [main] INFO  StepDefinitions.WebStepDefinition - Navigated to Home Page
18:23:17.519 [main] INFO  StepDefinitions.WebStepDefinition - Home Page title verified
18:23:18.827 [main] INFO  StepDefinitions.WebStepDefinition - Browser closed
18:23:24.285 [main] INFO  StepDefinitions.WebStepDefinition - Driver is initialized
18:23:25.951 [main] INFO  StepDefinitions.WebStepDefinition - Navigated to Home Page
18:23:26.033 [main] INFO  StepDefinitions.WebStepDefinition - Default Welcome Message verified
18:23:27.082 [main] INFO  StepDefinitions.WebStepDefinition - Browser closed
18:24:04.821 [main] INFO  StepDefinitions.WebStepDefinition - Driver is initialized
18:24:06.897 [main] INFO  StepDefinitions.WebStepDefinition - Navigated to Home Page
18:24:06.938 [main] INFO  StepDefinitions.WebStepDefinition - Home Page title verified
18:24:08.085 [main] INFO  StepDefinitions.WebStepDefinition - Browser closed
18:24:13.547 [main] INFO  StepDefinitions.WebStepDefinition - Driver is initialized
18:24:15.822 [main] INFO  StepDefinitions.WebStepDefinition - Navigated to Home Page
18:24:15.915 [main] INFO  StepDefinitions.WebStepDefinition - Default Welcome Message verified
18:24:16.979 [main] INFO  StepDefinitions.WebStepDefinition - Browser closed
18:26:55.969 [main] INFO  StepDefinitions.MobileStepDefinition - Android Driver is initialized
18:26:57.579 [main] INFO  StepDefinitions.MobileStepDefinition - Animation is clicked
18:26:59.884 [main] INFO  StepDefinitions.MobileStepDefinition - Bouncing Balls is clicked
18:27:02.644 [main] INFO  StepDefinitions.MobileStepDefinition - Mobile App closed
18:27:53.817 [main] INFO  StepDefinitions.WebStepDefinition - Driver is initialized
18:27:57.542 [main] INFO  StepDefinitions.WebStepDefinition - Navigated to Home Page
18:27:57.574 [main] INFO  StepDefinitions.WebStepDefinition - Home Page title verified
18:27:58.890 [main] INFO  StepDefinitions.WebStepDefinition - Browser closed
18:28:04.497 [main] INFO  StepDefinitions.WebStepDefinition - Driver is initialized
18:28:06.366 [main] INFO  StepDefinitions.WebStepDefinition - Navigated to Home Page
18:28:06.461 [main] INFO  StepDefinitions.WebStepDefinition - Default Welcome Message verified
18:28:07.753 [main] INFO  StepDefinitions.WebStepDefinition - Browser closed
18:29:16.007 [main] INFO  StepDefinitions.WebStepDefinition - Driver is initialized
18:29:18.845 [main] INFO  StepDefinitions.WebStepDefinition - Navigated to Home Page
18:29:18.889 [main] INFO  StepDefinitions.WebStepDefinition - Home Page title verified
18:29:20.160 [main] INFO  StepDefinitions.WebStepDefinition - Browser closed
18:29:25.943 [main] INFO  StepDefinitions.WebStepDefinition - Driver is initialized
18:29:28.122 [main] INFO  StepDefinitions.WebStepDefinition - Navigated to Home Page
18:29:28.221 [main] INFO  StepDefinitions.WebStepDefinition - Default Welcome Message verified
18:29:29.454 [main] INFO  StepDefinitions.WebStepDefinition - Browser closed
